<?xml version="1.0" encoding="UTF-8"?>
<testng-results ignored="0" total="1" passed="1" failed="0" skipped="0">
  <reporter-output>
  </reporter-output>
  <suite started-at="2024-11-17T00:45:46 IST" name="Default suite" finished-at="2024-11-17T00:46:32 IST" duration-ms="45827">
    <groups>
    </groups>
    <test started-at="2024-11-17T00:45:46 IST" name="Default test" finished-at="2024-11-17T00:46:32 IST" duration-ms="45827">
      <class name="testCases.TestCases">
        <test-method is-config="true" signature="setup()[pri:0, instance:testCases.TestCases@221a3fa4]" started-at="2024-11-17T00:45:46 IST" name="setup" finished-at="2024-11-17T00:45:49 IST" duration-ms="2319" status="PASS">
          <reporter-output>
          </reporter-output>
        </test-method> <!-- setup -->
        <test-method signature="registerUser()[pri:0, instance:testCases.TestCases@221a3fa4]" started-at="2024-11-17T00:45:49 IST" name="registerUser" finished-at="2024-11-17T00:46:32 IST" duration-ms="43297" status="PASS">
          <reporter-output>
          </reporter-output>
        </test-method> <!-- registerUser -->
        <test-method is-config="true" signature="finish()[pri:0, instance:testCases.TestCases@221a3fa4]" started-at="2024-11-17T00:46:32 IST" name="finish" finished-at="2024-11-17T00:46:32 IST" duration-ms="163" status="PASS">
          <reporter-output>
          </reporter-output>
        </test-method> <!-- finish -->
      </class> <!-- testCases.TestCases -->
    </test> <!-- Default test -->
  </suite> <!-- Default suite -->
</testng-results>
